<?xml version="1.0" encoding="UTF-8"?>
<testng-results ignored="0" total="1" passed="1" failed="0" skipped="0">
  <reporter-output>
  </reporter-output>
  <suite started-at="2021-06-09T04:12:29Z" name="Default suite" finished-at="2021-06-09T04:12:32Z" duration-ms="3318">
    <groups>
    </groups>
    <test started-at="2021-06-09T04:12:29Z" name="Default test" finished-at="2021-06-09T04:12:32Z" duration-ms="3318">
      <class name="Project1.RestAssured.TC_0001_GetRequest">
        <test-method signature="getWeatherDetails()[pri:0, instance:Project1.RestAssured.TC_0001_GetRequest@37e547da]" started-at="2021-06-09T04:12:29Z" name="getWeatherDetails" finished-at="2021-06-09T04:12:32Z" duration-ms="3288" status="PASS">
          <reporter-output>
          </reporter-output>
        </test-method> <!-- getWeatherDetails -->
      </class> <!-- Project1.RestAssured.TC_0001_GetRequest -->
    </test> <!-- Default test -->
  </suite> <!-- Default suite -->
</testng-results>
